<?xml version="1.0" encoding="UTF-8"?>
<testng-results skipped="0" failed="0" total="1" passed="1">
  <reporter-output>
  </reporter-output>
  <suite name="Suite" duration-ms="8413" started-at="2021-12-16T09:07:47Z" finished-at="2021-12-16T09:07:55Z">
    <groups>
    </groups>
    <test name="Test" duration-ms="8413" started-at="2021-12-16T09:07:47Z" finished-at="2021-12-16T09:07:55Z">
      <class name="Basic_Operations.TestSimpleLogin">
        <test-method status="PASS" signature="testActitimeLogin()[pri:0, instance:Basic_Operations.TestSimpleLogin@59d016c9]" name="testActitimeLogin" duration-ms="8393" started-at="2021-12-16T14:37:47Z" finished-at="2021-12-16T14:37:55Z">
          <reporter-output>
          </reporter-output>
        </test-method> <!-- testActitimeLogin -->
      </class> <!-- Basic_Operations.TestSimpleLogin -->
    </test> <!-- Test -->
  </suite> <!-- Suite -->
</testng-results>
